[debug] [2023-07-04T19:30:55.399Z] ----------------------------------------------------------------------
[debug] [2023-07-04T19:30:55.408Z] Command:       C:\Program Files\nodejs\node.exe C:\Users\User\AppData\Roaming\npm\node_modules\firebase-tools\lib\bin\firebase.js deploy
[debug] [2023-07-04T19:30:55.411Z] CLI Version:   12.4.2
[debug] [2023-07-04T19:30:55.412Z] Platform:      win32
[debug] [2023-07-04T19:30:55.413Z] Node Version:  v18.16.0
[debug] [2023-07-04T19:30:55.417Z] Time:          Tue Jul 04 2023 20:30:55 GMT+0100 (British Summer Time)
[debug] [2023-07-04T19:30:55.417Z] ----------------------------------------------------------------------
[debug] 
[debug] [2023-07-04T19:30:55.766Z] > command requires scopes: ["email","openid","https://www.googleapis.com/auth/cloudplatformprojects.readonly","https://www.googleapis.com/auth/firebase","https://www.googleapis.com/auth/cloud-platform"]
[debug] [2023-07-04T19:30:55.769Z] > authorizing via signed-in user (abendnathan@gmail.com)
[debug] [2023-07-04T19:30:55.770Z] [iam] checking project blockproject-ea9e6 for permissions ["firebase.projects.get","firebasehosting.sites.update"]
[debug] [2023-07-04T19:30:55.780Z] >>> [apiv2][query] POST https://cloudresourcemanager.googleapis.com/v1/projects/blockproject-ea9e6:testIamPermissions [none]
[debug] [2023-07-04T19:30:55.781Z] >>> [apiv2][(partial)header] POST https://cloudresourcemanager.googleapis.com/v1/projects/blockproject-ea9e6:testIamPermissions x-goog-quota-user=projects/blockproject-ea9e6
[debug] [2023-07-04T19:30:55.783Z] >>> [apiv2][body] POST https://cloudresourcemanager.googleapis.com/v1/projects/blockproject-ea9e6:testIamPermissions {"permissions":["firebase.projects.get","firebasehosting.sites.update"]}
[debug] [2023-07-04T19:30:57.147Z] <<< [apiv2][status] POST https://cloudresourcemanager.googleapis.com/v1/projects/blockproject-ea9e6:testIamPermissions 200
[debug] [2023-07-04T19:30:57.150Z] <<< [apiv2][body] POST https://cloudresourcemanager.googleapis.com/v1/projects/blockproject-ea9e6:testIamPermissions {"permissions":["firebase.projects.get","firebasehosting.sites.update"]}
[debug] [2023-07-04T19:30:57.159Z] >>> [apiv2][query] GET https://firebase.googleapis.com/v1beta1/projects/blockproject-ea9e6 [none]
[debug] [2023-07-04T19:30:57.793Z] <<< [apiv2][status] GET https://firebase.googleapis.com/v1beta1/projects/blockproject-ea9e6 200
[debug] [2023-07-04T19:30:57.794Z] <<< [apiv2][body] GET https://firebase.googleapis.com/v1beta1/projects/blockproject-ea9e6 {"projectId":"blockproject-ea9e6","projectNumber":"27625141415","displayName":"BlockProject","name":"projects/blockproject-ea9e6","resources":{"hostingSite":"blockproject-ea9e6"},"state":"ACTIVE","etag":"1_90f6b57a-401a-47cc-ba8a-a0288ade40ab"}
[info] 
   Thank you for trying our early preview of Next.js support on Firebase Hosting.
   During the preview, support is best-effort and breaking changes can be expected. Proceed with caution.

   Documentation: https://firebase.google.com/docs/hosting/frameworks/nextjs
   File a bug: https://github.com/firebase/firebase-tools/issues/new?template=bug_report.md
   Submit a feature request: https://github.com/firebase/firebase-tools/issues/new?template=feature_request.md

   We'd love to learn from you. Express your interest in helping us shape the future of Firebase Hosting: https://goo.gle/41enW5X

[debug] [2023-07-04T19:32:12.548Z] Error: Unable to find the next dep, try NPM installing?
    at getConfig (C:\Users\User\AppData\Roaming\npm\node_modules\firebase-tools\lib\frameworks\next\index.js:382:19)
    at build (C:\Users\User\AppData\Roaming\npm\node_modules\firebase-tools\lib\frameworks\next\index.js:62:65)
    at process.processTicksAndRejections (node:internal/process/task_queues:95:5)
    at async prepareFrameworks (C:\Users\User\AppData\Roaming\npm\node_modules\firebase-tools\lib\frameworks\index.js:216:33)
    at async deploy (C:\Users\User\AppData\Roaming\npm\node_modules\firebase-tools\lib\deploy\index.js:55:13)
[error] 
[error] Error: An unexpected error has occurred.
